[23:07:00] [main/INFO]: Using mbed TLS based native cipher.
[23:07:00] [main/INFO]: Using zlib based native compressor.
[23:07:00] [main/INFO]: Enabled Waterfall version git:Waterfall-Bootstrap:1.19-R0.1-SNAPSHOT:f6069e2:513
[23:07:01] [main/INFO]: Not on Windows, attempting to use enhanced EpollEventLoop
[23:07:01] [main/INFO]: Epoll is working, utilising it!
[23:07:01] [main/INFO]: Discovered module: ModuleSpec(name=cmd_alert, file=modules/cmd_alert.jar, provider=JenkinsModuleSource())
[23:07:01] [main/INFO]: Discovered module: ModuleSpec(name=cmd_find, file=modules/cmd_find.jar, provider=JenkinsModuleSource())
[23:07:01] [main/INFO]: Discovered module: ModuleSpec(name=cmd_list, file=modules/cmd_list.jar, provider=JenkinsModuleSource())
[23:07:01] [main/INFO]: Discovered module: ModuleSpec(name=cmd_send, file=modules/cmd_send.jar, provider=JenkinsModuleSource())
[23:07:01] [main/INFO]: Discovered module: ModuleSpec(name=cmd_server, file=modules/cmd_server.jar, provider=JenkinsModuleSource())
[23:07:01] [main/INFO]: Discovered module: ModuleSpec(name=reconnect_yaml, file=modules/reconnect_yaml.jar, provider=JenkinsModuleSource())
[23:07:01] [main/INFO]: Attempting to update plugin from null to ModuleVersion(build=513, git=f6069e2)
[23:07:01] [main/INFO]: Attempting to Jenkins download module cmd_alert v513
[23:07:01] [main/INFO]: Download complete
[23:07:01] [main/INFO]: Attempting to update plugin from null to ModuleVersion(build=513, git=f6069e2)
[23:07:01] [main/INFO]: Attempting to Jenkins download module cmd_find v513
[23:07:01] [main/INFO]: Download complete
[23:07:01] [main/INFO]: Attempting to update plugin from null to ModuleVersion(build=513, git=f6069e2)
[23:07:01] [main/INFO]: Attempting to Jenkins download module cmd_list v513
[23:07:01] [main/INFO]: Download complete
[23:07:01] [main/INFO]: Attempting to update plugin from null to ModuleVersion(build=513, git=f6069e2)
[23:07:01] [main/INFO]: Attempting to Jenkins download module cmd_send v513
[23:07:01] [main/INFO]: Download complete
[23:07:01] [main/INFO]: Attempting to update plugin from null to ModuleVersion(build=513, git=f6069e2)
[23:07:01] [main/INFO]: Attempting to Jenkins download module cmd_server v513
[23:07:01] [main/INFO]: Download complete
[23:07:01] [main/INFO]: Attempting to update plugin from null to ModuleVersion(build=513, git=f6069e2)
[23:07:01] [main/INFO]: Attempting to Jenkins download module reconnect_yaml v513
[23:07:01] [main/INFO]: Download complete
[23:07:01] [main/INFO]: Loaded plugin reconnect_yaml version git:reconnect_yaml:1.19-R0.1-SNAPSHOT:f6069e2:513 by WaterfallMC
[23:07:01] [main/INFO]: Loaded plugin cmd_find version git:cmd_find:1.19-R0.1-SNAPSHOT:f6069e2:513 by WaterfallMC
[23:07:01] [main/INFO]: Loaded plugin cmd_server version git:cmd_server:1.19-R0.1-SNAPSHOT:f6069e2:513 by WaterfallMC
[23:07:01] [main/INFO]: Loaded plugin cmd_alert version git:cmd_alert:1.19-R0.1-SNAPSHOT:f6069e2:513 by WaterfallMC
[23:07:01] [main/INFO]: Loaded plugin cmd_send version git:cmd_send:1.19-R0.1-SNAPSHOT:f6069e2:513 by WaterfallMC
[23:07:01] [main/INFO]: Loaded plugin cmd_list version git:cmd_list:1.19-R0.1-SNAPSHOT:f6069e2:513 by WaterfallMC
[23:07:01] [main/WARN]: :>:>:>:>:>:>:>:>:>:>:>:>:>:>:>:>:>:>:>:>:>:>:>
[23:07:01] [main/WARN]: :>  
[23:07:01] [main/WARN]: :>      EAGLERCRAFTXBUNGEE WARNING:
[23:07:01] [main/WARN]: :>  
[23:07:01] [main/WARN]: :>  This plugin wasn't tested to be 'working'
[23:07:01] [main/WARN]: :>  with ANY version of BungeeCord (and forks)
[23:07:01] [main/WARN]: :>  apart from the versions listed below:
[23:07:01] [main/WARN]: :>  
[23:07:01] [main/WARN]: :>  - BungeeCord: 1.20-R0.3-SNAPSHOT:eda268b:1797
[23:07:01] [main/WARN]: :>  - Waterfall: 1.20-R0.2-SNAPSHOT:92b5149:562
[23:07:01] [main/WARN]: :>  - FlameCord: 1.1.1
[23:07:01] [main/WARN]: :>  
[23:07:01] [main/WARN]: :>  This is not a Bukkit/Spigot plugin!
[23:07:01] [main/WARN]: :>  
[23:07:01] [main/WARN]: :>  Use "-Deaglerxbungee.stfu=true" to hide
[23:07:01] [main/WARN]: :>  
[23:07:01] [main/WARN]: :>:>:>:>:>:>:>:>:>:>:>:>:>:>:>:>:>:>:>:>:>:>:>
[23:07:01] [main/INFO] [EaglercraftXBungee]: Loading vanilla profile: lax1dude
[23:07:02] [Skin Download Thread #1/INFO] [EaglercraftXBungee]: Loaded vanilla profile: lax1dude
[23:07:02] [main/INFO]: Loaded plugin EaglercraftXBungee version 1.0.10 by lax1dude
[23:07:02] [main/WARN]: Forced host server pvp is not defined
[23:07:02] [main/INFO]: Enabled plugin reconnect_yaml version git:reconnect_yaml:1.19-R0.1-SNAPSHOT:f6069e2:513 by WaterfallMC
[23:07:02] [main/INFO]: Enabled plugin cmd_find version git:cmd_find:1.19-R0.1-SNAPSHOT:f6069e2:513 by WaterfallMC
[23:07:02] [main/INFO]: Enabled plugin cmd_server version git:cmd_server:1.19-R0.1-SNAPSHOT:f6069e2:513 by WaterfallMC
[23:07:02] [main/INFO]: Enabled plugin cmd_alert version git:cmd_alert:1.19-R0.1-SNAPSHOT:f6069e2:513 by WaterfallMC
[23:07:02] [main/INFO]: Enabled plugin cmd_send version git:cmd_send:1.19-R0.1-SNAPSHOT:f6069e2:513 by WaterfallMC
[23:07:02] [main/INFO]: Enabled plugin cmd_list version git:cmd_list:1.19-R0.1-SNAPSHOT:f6069e2:513 by WaterfallMC
[23:07:02] [main/ERROR] [EaglercraftXBungee]: Online mode is set to false! Authentication system has been disabled
[23:07:02] [Netty Worker IO Thread #0/INFO] [EaglercraftXBungee]: Eaglercraft is listening on: /0.0.0.0:8081
[23:07:02] [main/INFO] [EaglercraftXBungee]: Downloading from maven: https://repo1.maven.org/maven2/org/xerial/sqlite-jdbc/3.45.0.0/sqlite-jdbc-3.45.0.0.jar
[23:07:03] [main/INFO] [EaglercraftXBungee]: Connected to database: jdbc:sqlite:eaglercraft_skins_cache.db
[23:07:03] [EaglerXBungee: Network Tick Tasks/INFO] [EaglercraftXBungee]: Downloading new certificate: https://eaglercraft.com/backup.cert
[23:07:03] [main/INFO]: Enabled plugin EaglercraftXBungee version 1.0.10 by lax1dude
[23:07:03] [Netty Boss IO Thread #0/INFO]: Listening on /127.0.0.1:25577
[23:07:03] [EaglerXBungee: Network Tick Tasks/INFO] [EaglercraftXBungee]: Loaded certificate: /workspaces/MysticalSMP/bungee/plugins/EaglercraftXBungee/eagcert/$dl.24a1bafc15c675276968d78cdcb55a04992bddb0.cert
[23:07:49] [Netty Worker IO Thread #1/WARN] [EaglercraftXBungee]: Server icon is not a file: /workspaces/MysticalSMP/bungee/server-icon.png
[23:07:51] [Netty Worker IO Thread #2/INFO] [EaglercraftXBungee]: [/[0:0:0:0:0:0:0:1%0]:44208]: Connected via websocket
[23:07:51] [Netty Worker IO Thread #2/INFO] [EaglercraftXBungee]: [/[0:0:0:0:0:0:0:1%0]:44208]: Origin header is null
[23:07:51] [Netty Worker IO Thread #2/INFO] [EaglercraftXBungee]: [/[0:0:0:0:0:0:0:1%0]:44208]: Logged in as 'ThunderGod12650'
[23:07:51] [Netty Worker IO Thread #2/INFO]: [/[0:0:0:0:0:0:0:1%0]:44208|ThunderGod12650] -> UpstreamBridge has connected
[23:07:51] [Netty Worker IO Thread #2/WARN]: Error occurred processing connection for ThunderGod12650 AnnotatedConnectException : finishConnect(..) failed: Connection refused: localhost/127.0.0.1:25565
[23:07:51] [Netty Worker IO Thread #2/INFO]: [ThunderGod12650] disconnected with: Could not connect to a default or fallback server. Incorrectly configured address/port/firewall? 
[23:07:51] [Netty Worker IO Thread #2/INFO]: [/[0:0:0:0:0:0:0:1%0]:44208|ThunderGod12650] -> UpstreamBridge has disconnected
